<?xml version="1.0" encoding="utf-8"?>
<CatapultTargetOutput
  GeneratedTarget="/Output/Evan/All About San Diego PDF/All About San Diego PDF.pdf"
  BuildVersion="14.1.6875.33553">
  <Files>
    <Url
      Source="Output/Evan/All About San Diego PDF/All About San Diego PDF.pdf" />
    <Url
      Source="Output/Evan/Temporary/All About San Diego PDF/All About San Diego PDF_733C8CDD/Resources/TableStyles/Simple.css" />
    <Url
      Source="Output/Evan/Temporary/All About San Diego PDF/All About San Diego PDF_733C8CDD/Resources/Images/DropDownOpen.png" />
    <Url
      Source="Output/Evan/Temporary/All About San Diego PDF/All About San Diego PDF_733C8CDD/Resources/Images/SanDiegoCover.jpg" />
    <Url
      Source="Output/Evan/Temporary/All About San Diego PDF/All About San Diego PDF_733C8CDD/Resources/Images/Bullet1.png" />
    <Url
      Source="Output/Evan/Temporary/All About San Diego PDF/All About San Diego PDF_733C8CDD/Resources/Images/DropDownClosed.png" />
  </Files>
  <Skins />
</CatapultTargetOutput>