<?xml version="1.0" encoding="utf-8"?>
<CatapultTargetOutput
  GeneratedTarget="/Output/Evan/All About DC PDF/All About DC PDF.pdf"
  BuildVersion="14.1.6875.33553">
  <Files>
    <Url
      Source="Output/Evan/Temporary/All About DC PDF/All About DC PDF_3910D1AB/Resources/Images/DropDownClosed.png" />
    <Url
      Source="Output/Evan/Temporary/All About DC PDF/All About DC PDF_3910D1AB/Resources/Images/StickyRice.jpg" />
    <Url
      Source="Output/Evan/Temporary/All About DC PDF/All About DC PDF_3910D1AB/Resources/Images/AirAndSpaceMuseum.jpg" />
    <Url
      Source="Output/Evan/Temporary/All About DC PDF/All About DC PDF_3910D1AB/Resources/Images/AtlasArtsPanorama.jpg" />
    <Url
      Source="Output/Evan/Temporary/All About DC PDF/All About DC PDF_3910D1AB/Resources/Images/Buredo.PNG" />
    <Url
      Source="Output/Evan/Temporary/All About DC PDF/All About DC PDF_3910D1AB/Resources/Images/SolidStateBooks.png" />
    <Url
      Source="Output/Evan/Temporary/All About DC PDF/All About DC PDF_3910D1AB/Resources/Images/NaturalHistoryMuseum.jpg" />
    <Url
      Source="Output/Evan/Temporary/All About DC PDF/All About DC PDF_3910D1AB/WMATAMetroMap.pdf" />
    <Url
      Source="Output/Evan/Temporary/All About DC PDF/All About DC PDF_3910D1AB/Resources/Images/Bullet1.png" />
    <Url
      Source="Output/Evan/Temporary/All About DC PDF/All About DC PDF_3910D1AB/Resources/Images/Chupacabra.jpg" />
    <Url
      Source="Output/Evan/Temporary/All About DC PDF/All About DC PDF_3910D1AB/Resources/Images/ArchivesOfAmericanArt.jpg" />
    <Url
      Source="Output/Evan/Temporary/All About DC PDF/All About DC PDF_3910D1AB/Resources/TableStyles/Simple.css" />
    <Url
      Source="Output/Evan/All About DC PDF/All About DC PDF.pdf" />
    <Url
      Source="Output/Evan/Temporary/All About DC PDF/All About DC PDF_3910D1AB/Resources/Images/DropDownOpen.png" />
    <Url
      Source="Output/Evan/Temporary/All About DC PDF/All About DC PDF_3910D1AB/Resources/Images/SpyMuseum.jpg" />
    <Url
      Source="Output/Evan/Temporary/All About DC PDF/All About DC PDF_3910D1AB/Resources/Images/HolocauseMemorialMuseum.jpeg" />
    <Url
      Source="Output/Evan/Temporary/All About DC PDF/All About DC PDF_3910D1AB/Resources/Images/Newseum.jpg" />
    <Url
      Source="Output/Evan/Temporary/All About DC PDF/All About DC PDF_3910D1AB/Resources/Images/SanDiegoCover.jpg" />
  </Files>
  <Skins />
</CatapultTargetOutput>